<?xml version="1.0" encoding="UTF-8"?>
<testsuite xmlns:xsi="http://www.w3.org/2001/XMLSchema-instance" xsi:noNamespaceSchemaLocation="https://maven.apache.org/surefire/maven-surefire-plugin/xsd/surefire-test-report-3.0.xsd" version="3.0" name="com.CustomerDataStore.Services.CustomerDataServiceImplTest" time="0.174" tests="6" errors="0" skipped="0" failures="0">
  <properties>
[...]
</properties>
  <testcase name="testUpdateCustomer_whenValidAddressAndEmailAddressProvided_bothUpdated" classname="com.CustomerDataStore.Services.CustomerDataServiceImplTest" time="0.159"/>
  <testcase name="testAddNewAddress_whenUniqueNewAddressProvided_newAddressAddedToCustomerEntity" classname="com.CustomerDataStore.Services.CustomerDataServiceImplTest" time="0.002"/>
  <testcase name="testUpdateCustomer_whenValidEmailAddressOnlyProvided_emailAddressOnlyUpdated" classname="com.CustomerDataStore.Services.CustomerDataServiceImplTest" time="0.002"/>
  <testcase name="testAddNewAddress_whenDuplicateAddressWithWhiteSpaceProvided_customerUnchanged" classname="com.CustomerDataStore.Services.CustomerDataServiceImplTest" time="0.002"/>
  <testcase name="testAddNewAddress_whenDuplicateAddressWithDifferentCaseProvided_customerUnchanged" classname="com.CustomerDataStore.Services.CustomerDataServiceImplTest" time="0.002"/>
  <testcase name="testUpdateCustomer_whenValidAddressOnlyProvided_addressOnlyUpdated" classname="com.CustomerDataStore.Services.CustomerDataServiceImplTest" time="0.002"/>
</testsuite>