<?xml version="1.0" encoding="UTF-8"?>
<testsuite xmlns:xsi="http://www.w3.org/2001/XMLSchema-instance" xsi:noNamespaceSchemaLocation="https://maven.apache.org/surefire/maven-surefire-plugin/xsd/surefire-test-report-3.0.xsd" version="3.0" name="com.CustomerDataStore.Controllers.CustomerDataControllerTest" time="0.691" tests="10" errors="0" skipped="0" failures="0">
  <properties>
[...]
</properties>
  <testcase name="testGetAllCustomers_whenNoCustomersExist_204Returned" classname="com.CustomerDataStore.Controllers.CustomerDataControllerTest" time="0.128">
    <system-out><![CDATA[2024-03-12T22:45:52.888+01:00  INFO 68217 --- [           main] t.c.s.AnnotationConfigContextLoaderUtils : Could not detect default configuration classes for test class [com.CustomerDataStore.Controllers.CustomerDataControllerTest]: CustomerDataControllerTest does not declare any static, non-private, non-final, nested classes annotated with @Configuration.
2024-03-12T22:45:52.893+01:00  INFO 68217 --- [           main] .b.t.c.SpringBootTestContextBootstrapper : Found @SpringBootConfiguration com.CustomerDataStore.CustomerDataStoreApplication for test class com.CustomerDataStore.Controllers.CustomerDataControllerTest

  .   ____          _            __ _ _
 /\\ / ___'_ __ _ _(_)_ __  __ _ \ \ \ \
( ( )\___ | '_ | '_| | '_ \/ _` | \ \ \ \
 \\/  ___)| |_)| | | | | || (_| |  ) ) ) )
  '  |____| .__|_| |_|_| |_\__, | / / / /
 =========|_|==============|___/=/_/_/_/
 :: Spring Boot ::                (v3.2.3)

2024-03-12T22:45:52.912+01:00  INFO 68217 --- [           main] c.C.C.CustomerDataControllerTest         : Starting CustomerDataControllerTest using Java 21.0.1 with PID 68217 (started by salt-dev in /Users/salt-dev/repos/CustomerDataStore)
2024-03-12T22:45:52.913+01:00  INFO 68217 --- [           main] c.C.C.CustomerDataControllerTest         : No active profile set, falling back to 1 default profile: "default"
2024-03-12T22:45:52.974+01:00  INFO 68217 --- [           main] .s.d.r.c.RepositoryConfigurationDelegate : Bootstrapping Spring Data JPA repositories in DEFAULT mode.
2024-03-12T22:45:52.979+01:00  INFO 68217 --- [           main] .s.d.r.c.RepositoryConfigurationDelegate : Finished Spring Data repository scanning in 4 ms. Found 1 JPA repository interface.
2024-03-12T22:45:53.074+01:00  INFO 68217 --- [           main] o.s.b.w.embedded.tomcat.TomcatWebServer  : Tomcat initialized with port 0 (http)
2024-03-12T22:45:53.081+01:00  INFO 68217 --- [           main] o.apache.catalina.core.StandardService   : Starting service [Tomcat]
2024-03-12T22:45:53.081+01:00  INFO 68217 --- [           main] o.apache.catalina.core.StandardEngine    : Starting Servlet engine: [Apache Tomcat/10.1.19]
2024-03-12T22:45:53.103+01:00  INFO 68217 --- [           main] o.a.c.c.C.[Tomcat].[localhost].[/]       : Initializing Spring embedded WebApplicationContext
2024-03-12T22:45:53.104+01:00  INFO 68217 --- [           main] w.s.c.ServletWebServerApplicationContext : Root WebApplicationContext: initialization completed in 190 ms
2024-03-12T22:45:53.142+01:00  INFO 68217 --- [           main] com.zaxxer.hikari.HikariDataSource       : HikariPool-2 - Starting...
2024-03-12T22:45:53.143+01:00  INFO 68217 --- [           main] com.zaxxer.hikari.pool.HikariPool        : HikariPool-2 - Added connection conn10: url=jdbc:h2:mem:075f7eeb-9625-4bbd-984b-58af51b3dc1e user=SA
2024-03-12T22:45:53.143+01:00  INFO 68217 --- [           main] com.zaxxer.hikari.HikariDataSource       : HikariPool-2 - Start completed.
2024-03-12T22:45:53.144+01:00  INFO 68217 --- [           main] o.hibernate.jpa.internal.util.LogHelper  : HHH000204: Processing PersistenceUnitInfo [name: default]
2024-03-12T22:45:53.145+01:00  INFO 68217 --- [           main] o.h.c.internal.RegionFactoryInitiator    : HHH000026: Second-level cache disabled
2024-03-12T22:45:53.146+01:00  INFO 68217 --- [           main] o.s.o.j.p.SpringPersistenceUnitInfo      : No LoadTimeWeaver setup: ignoring JPA class transformer
2024-03-12T22:45:53.167+01:00  INFO 68217 --- [           main] o.h.e.t.j.p.i.JtaPlatformInitiator       : HHH000489: No JTA platform available (set 'hibernate.transaction.jta.platform' to enable JTA platform integration)
2024-03-12T22:45:53.170+01:00  INFO 68217 --- [           main] j.LocalContainerEntityManagerFactoryBean : Initialized JPA EntityManagerFactory for persistence unit 'default'
2024-03-12T22:45:53.202+01:00  WARN 68217 --- [           main] JpaBaseConfiguration$JpaWebConfiguration : spring.jpa.open-in-view is enabled by default. Therefore, database queries may be performed during view rendering. Explicitly configure spring.jpa.open-in-view to disable this warning
2024-03-12T22:45:53.276+01:00  INFO 68217 --- [           main] o.s.b.w.embedded.tomcat.TomcatWebServer  : Tomcat started on port 49237 (http) with context path ''
2024-03-12T22:45:53.277+01:00  INFO 68217 --- [           main] c.C.C.CustomerDataControllerTest         : Started CustomerDataControllerTest in 0.383 seconds (process running for 3.028)
2024-03-12T22:45:53.330+01:00  INFO 68217 --- [o-auto-1-exec-1] o.a.c.c.C.[Tomcat].[localhost].[/]       : Initializing Spring DispatcherServlet 'dispatcherServlet'
2024-03-12T22:45:53.330+01:00  INFO 68217 --- [o-auto-1-exec-1] o.s.web.servlet.DispatcherServlet        : Initializing Servlet 'dispatcherServlet'
2024-03-12T22:45:53.331+01:00  INFO 68217 --- [o-auto-1-exec-1] o.s.web.servlet.DispatcherServlet        : Completed initialization in 1 ms
]]></system-out>
  </testcase>
  <testcase name="testCreateCustomer_whenValidCustomerDetailsProvided_ReturnsCustomerDetails" classname="com.CustomerDataStore.Controllers.CustomerDataControllerTest" time="0.095"/>
  <testcase name="testGetCustomerById_whenValidIdProvided_correctCustomerIsReturned" classname="com.CustomerDataStore.Controllers.CustomerDataControllerTest" time="0.012"/>
  <testcase name="testGetCustomerById_whenInvalidIdProvided_404ReturnedWithMessage" classname="com.CustomerDataStore.Controllers.CustomerDataControllerTest" time="0.004"/>
  <testcase name="testGetAllCustomers_ifCustomersInDB_returnsAllCustomers" classname="com.CustomerDataStore.Controllers.CustomerDataControllerTest" time="0.013"/>
  <testcase name="testSearchByName_whenFirstAndLastNameProvided_correctCustomersAreReturned" classname="com.CustomerDataStore.Controllers.CustomerDataControllerTest" time="0.027"/>
  <testcase name="testSearchByName_whenOnlyLastNameProvided_correctCustomersAreReturned" classname="com.CustomerDataStore.Controllers.CustomerDataControllerTest" time="0.005"/>
  <testcase name="testSearchByName_whenOnlyFirstNameProvided_correctCustomersAreReturned" classname="com.CustomerDataStore.Controllers.CustomerDataControllerTest" time="0.005"/>
  <testcase name="testSearchByName_whenNoNamesProvided_400StatusReturned" classname="com.CustomerDataStore.Controllers.CustomerDataControllerTest" time="0.003"/>
  <testcase name="testSearchByName_whenNameNotFound_204StatusReturned" classname="com.CustomerDataStore.Controllers.CustomerDataControllerTest" time="0.003"/>
</testsuite>